[2019-08-18 20:14:26] INFO  org.springframework.boot.StartupInfoLogger 50 logStarting - Starting FrameApplication on DESKTOP-RP1ADU5 with PID 10136 (F:\GithubCode\distance\beautiful\example-frame\target\classes started by LiuChuang in F:\GithubCode\distance\beautiful)
[2019-08-18 20:14:26] INFO  org.springframework.boot.SpringApplication 679 logStartupProfileInfo - The following profiles are active: dev
[2019-08-18 20:14:27] INFO  org.springframework.context.support.PostProcessorRegistrationDelegate$BeanPostProcessorChecker 330 postProcessAfterInitialization - Bean 'org.springframework.transaction.annotation.ProxyTransactionManagementConfiguration' of type [org.springframework.transaction.annotation.ProxyTransactionManagementConfiguration$$EnhancerBySpringCGLIB$$94e74b88] is not eligible for getting processed by all BeanPostProcessors (for example: not eligible for auto-proxying)
[2019-08-18 20:14:28] INFO  org.springframework.boot.web.embedded.tomcat.TomcatWebServer 90 initialize - Tomcat initialized with port(s): 8080 (http)
[2019-08-18 20:14:28] INFO  org.apache.juli.logging.DirectJDKLog 173 log - Starting service [Tomcat]
[2019-08-18 20:14:28] INFO  org.apache.juli.logging.DirectJDKLog 173 log - Starting Servlet Engine: Apache Tomcat/9.0.12
[2019-08-18 20:14:28] INFO  org.apache.juli.logging.DirectJDKLog 173 log - Loaded APR based Apache Tomcat Native library [1.2.17] using APR version [1.6.3].
[2019-08-18 20:14:28] INFO  org.apache.juli.logging.DirectJDKLog 173 log - APR capabilities: IPv6 [true], sendfile [true], accept filters [false], random [true].
[2019-08-18 20:14:28] INFO  org.apache.juli.logging.DirectJDKLog 173 log - APR/OpenSSL configuration: useAprConnector [false], useOpenSSL [true]
[2019-08-18 20:14:29] INFO  org.apache.juli.logging.DirectJDKLog 173 log - OpenSSL successfully initialized [OpenSSL 1.0.2o  27 Mar 2018]
[2019-08-18 20:14:29] INFO  org.apache.juli.logging.DirectJDKLog 173 log - Initializing Spring embedded WebApplicationContext
[2019-08-18 20:14:29] INFO  org.springframework.boot.web.servlet.context.ServletWebServerApplicationContext 285 prepareWebApplicationContext - Root WebApplicationContext: initialization completed in 3428 ms
[2019-08-18 20:14:29] INFO  com.alibaba.druid.spring.boot.autoconfigure.DruidDataSourceAutoConfigure 56 dataSource - Init DruidDataSource
[2019-08-18 20:14:30] INFO  com.alibaba.druid.pool.DruidDataSource 1003 init - {dataSource-1} inited
[2019-08-18 20:14:30] INFO  org.springframework.boot.web.servlet.AbstractFilterRegistrationBean 248 configure - Mapping filter: 'characterEncodingFilter' to: [/*]
[2019-08-18 20:14:30] INFO  org.springframework.boot.web.servlet.AbstractFilterRegistrationBean 248 configure - Mapping filter: 'webMvcMetricsFilter' to: [/*]
[2019-08-18 20:14:30] INFO  org.springframework.boot.web.servlet.AbstractFilterRegistrationBean 248 configure - Mapping filter: 'hiddenHttpMethodFilter' to: [/*]
[2019-08-18 20:14:30] INFO  org.springframework.boot.web.servlet.AbstractFilterRegistrationBean 248 configure - Mapping filter: 'formContentFilter' to: [/*]
[2019-08-18 20:14:30] INFO  org.springframework.boot.web.servlet.AbstractFilterRegistrationBean 248 configure - Mapping filter: 'requestContextFilter' to: [/*]
[2019-08-18 20:14:30] INFO  org.springframework.boot.web.servlet.AbstractFilterRegistrationBean 248 configure - Mapping filter: 'httpTraceFilter' to: [/*]
[2019-08-18 20:14:30] INFO  org.springframework.boot.web.servlet.AbstractFilterRegistrationBean 261 configure - Mapping filter: 'webStatFilter' to urls: [/*]
[2019-08-18 20:14:30] INFO  org.springframework.boot.web.servlet.ServletRegistrationBean 186 addRegistration - Servlet dispatcherServlet mapped to [/]
[2019-08-18 20:14:30] INFO  org.springframework.boot.web.servlet.ServletRegistrationBean 186 addRegistration - Servlet statViewServlet mapped to [/druid/*]
[2019-08-18 20:14:30] INFO  org.springframework.scheduling.concurrent.ExecutorConfigurationSupport 171 initialize - Initializing ExecutorService 'applicationTaskExecutor'
[2019-08-18 20:14:31] INFO  org.springframework.boot.actuate.endpoint.web.EndpointLinksResolver 59 <init> - Exposing 4 endpoint(s) beneath base path '/actuator'
[2019-08-18 20:14:31] INFO  org.springframework.boot.web.embedded.tomcat.TomcatWebServer 204 start - Tomcat started on port(s): 8080 (http) with context path ''
[2019-08-18 20:14:31] INFO  org.springframework.boot.StartupInfoLogger 59 logStarted - Started FrameApplication in 6.577 seconds (JVM running for 9.913)
[2019-08-18 20:14:32] INFO  org.apache.juli.logging.DirectJDKLog 173 log - Initializing Spring DispatcherServlet 'dispatcherServlet'
[2019-08-18 20:14:32] INFO  org.springframework.web.servlet.FrameworkServlet 521 initServletBean - Initializing Servlet 'dispatcherServlet'
[2019-08-18 20:14:32] INFO  org.springframework.web.servlet.FrameworkServlet 543 initServletBean - Completed initialization in 12 ms
[2019-08-18 20:18:10] INFO  org.springframework.scheduling.concurrent.ExecutorConfigurationSupport 208 shutdown - Shutting down ExecutorService 'applicationTaskExecutor'
[2019-08-18 20:18:10] INFO  com.alibaba.druid.pool.DruidDataSource 1948 close - {dataSource-1} closing ...
[2019-08-18 20:18:10] INFO  com.alibaba.druid.pool.DruidDataSource 2020 close - {dataSource-1} closed
[2019-08-18 20:18:27] INFO  org.springframework.boot.StartupInfoLogger 50 logStarting - Starting FrameApplication on DESKTOP-RP1ADU5 with PID 2028 (F:\GithubCode\distance\beautiful\example-frame\target\classes started by LiuChuang in F:\GithubCode\distance\beautiful)
[2019-08-18 20:18:27] INFO  org.springframework.boot.SpringApplication 679 logStartupProfileInfo - The following profiles are active: dev
[2019-08-18 20:18:28] INFO  org.springframework.context.support.PostProcessorRegistrationDelegate$BeanPostProcessorChecker 330 postProcessAfterInitialization - Bean 'org.springframework.transaction.annotation.ProxyTransactionManagementConfiguration' of type [org.springframework.transaction.annotation.ProxyTransactionManagementConfiguration$$EnhancerBySpringCGLIB$$255e5f17] is not eligible for getting processed by all BeanPostProcessors (for example: not eligible for auto-proxying)
[2019-08-18 20:18:29] INFO  org.springframework.boot.web.embedded.tomcat.TomcatWebServer 90 initialize - Tomcat initialized with port(s): 8080 (http)
[2019-08-18 20:18:29] INFO  org.apache.juli.logging.DirectJDKLog 173 log - Starting service [Tomcat]
[2019-08-18 20:18:29] INFO  org.apache.juli.logging.DirectJDKLog 173 log - Starting Servlet Engine: Apache Tomcat/9.0.12
[2019-08-18 20:18:29] INFO  org.apache.juli.logging.DirectJDKLog 173 log - Loaded APR based Apache Tomcat Native library [1.2.17] using APR version [1.6.3].
[2019-08-18 20:18:29] INFO  org.apache.juli.logging.DirectJDKLog 173 log - APR capabilities: IPv6 [true], sendfile [true], accept filters [false], random [true].
[2019-08-18 20:18:29] INFO  org.apache.juli.logging.DirectJDKLog 173 log - APR/OpenSSL configuration: useAprConnector [false], useOpenSSL [true]
[2019-08-18 20:18:30] INFO  org.apache.juli.logging.DirectJDKLog 173 log - OpenSSL successfully initialized [OpenSSL 1.0.2o  27 Mar 2018]
[2019-08-18 20:18:30] INFO  org.apache.juli.logging.DirectJDKLog 173 log - Initializing Spring embedded WebApplicationContext
[2019-08-18 20:18:30] INFO  org.springframework.boot.web.servlet.context.ServletWebServerApplicationContext 285 prepareWebApplicationContext - Root WebApplicationContext: initialization completed in 2946 ms
[2019-08-18 20:18:31] INFO  com.alibaba.druid.spring.boot.autoconfigure.DruidDataSourceAutoConfigure 56 dataSource - Init DruidDataSource
[2019-08-18 20:18:31] INFO  com.alibaba.druid.pool.DruidDataSource 1003 init - {dataSource-1} inited
[2019-08-18 20:18:31] INFO  org.springframework.boot.web.servlet.AbstractFilterRegistrationBean 248 configure - Mapping filter: 'characterEncodingFilter' to: [/*]
[2019-08-18 20:18:31] INFO  org.springframework.boot.web.servlet.AbstractFilterRegistrationBean 248 configure - Mapping filter: 'webMvcMetricsFilter' to: [/*]
[2019-08-18 20:18:31] INFO  org.springframework.boot.web.servlet.AbstractFilterRegistrationBean 248 configure - Mapping filter: 'hiddenHttpMethodFilter' to: [/*]
[2019-08-18 20:18:31] INFO  org.springframework.boot.web.servlet.AbstractFilterRegistrationBean 248 configure - Mapping filter: 'formContentFilter' to: [/*]
[2019-08-18 20:18:31] INFO  org.springframework.boot.web.servlet.AbstractFilterRegistrationBean 248 configure - Mapping filter: 'requestContextFilter' to: [/*]
[2019-08-18 20:18:31] INFO  org.springframework.boot.web.servlet.AbstractFilterRegistrationBean 248 configure - Mapping filter: 'httpTraceFilter' to: [/*]
[2019-08-18 20:18:31] INFO  org.springframework.boot.web.servlet.AbstractFilterRegistrationBean 261 configure - Mapping filter: 'webStatFilter' to urls: [/*]
[2019-08-18 20:18:31] INFO  org.springframework.boot.web.servlet.ServletRegistrationBean 186 addRegistration - Servlet dispatcherServlet mapped to [/]
[2019-08-18 20:18:31] INFO  org.springframework.boot.web.servlet.ServletRegistrationBean 186 addRegistration - Servlet statViewServlet mapped to [/druid/*]
[2019-08-18 20:18:32] INFO  org.springframework.scheduling.concurrent.ExecutorConfigurationSupport 171 initialize - Initializing ExecutorService 'applicationTaskExecutor'
[2019-08-18 20:18:32] INFO  org.springframework.boot.actuate.endpoint.web.EndpointLinksResolver 59 <init> - Exposing 4 endpoint(s) beneath base path '/actuator'
[2019-08-18 20:18:32] INFO  org.springframework.boot.web.embedded.tomcat.TomcatWebServer 204 start - Tomcat started on port(s): 8080 (http) with context path ''
[2019-08-18 20:18:33] INFO  org.springframework.boot.StartupInfoLogger 59 logStarted - Started FrameApplication in 6.126 seconds (JVM running for 8.678)
[2019-08-18 20:18:35] INFO  org.apache.juli.logging.DirectJDKLog 173 log - Initializing Spring DispatcherServlet 'dispatcherServlet'
[2019-08-18 20:18:35] INFO  org.springframework.web.servlet.FrameworkServlet 521 initServletBean - Initializing Servlet 'dispatcherServlet'
[2019-08-18 20:18:35] INFO  org.springframework.web.servlet.FrameworkServlet 543 initServletBean - Completed initialization in 13 ms
[2019-08-18 23:19:12] INFO  org.springframework.scheduling.concurrent.ExecutorConfigurationSupport 208 shutdown - Shutting down ExecutorService 'applicationTaskExecutor'
[2019-08-18 23:19:12] INFO  com.alibaba.druid.pool.DruidDataSource 1948 close - {dataSource-1} closing ...
